time="2026-06-30 22:56:00.317" level=INFO source=go-alpha/main.go msg="Starting server"
time="2026-06-30 22:56:00.332" level=INFO source=models/db.go msg="MySQL connected successfully"
time="2026-06-30 22:56:00.463" level=INFO source=models/db.go msg="Redis connected successfully"
time="2026-06-30 22:56:00.464" level=INFO source=go-alpha/main.go msg="Server listening on :8080"
time="2026-07-01 10:18:01.057" level=INFO source=go-alpha/main.go msg="Starting server"
time="2026-07-01 10:18:01.078" level=INFO source=models/db.go msg="MySQL connected successfully"
time="2026-07-01 10:18:01.206" level=INFO source=models/db.go msg="Redis connected successfully"
time="2026-07-01 10:18:01.206" level=INFO source=go-alpha/main.go msg="Server listening on :8080"
time="2026-07-03 19:58:51.883" level=INFO source=go-alpha/main.go msg="Starting server"
time="2026-07-03 19:59:24.200" level=INFO source=go-alpha/main.go msg="Starting server"
time="2026-07-03 19:59:24.203" level=ERROR source=models/db.go msg="Failed to connect MySQL" error="dial tcp [::1]:3306: connect: connection refused"
time="2026-07-03 19:59:40.734" level=INFO source=go-alpha/main.go msg="Starting server"
time="2026-07-03 19:59:40.736" level=ERROR source=models/db.go msg="Failed to connect MySQL" error="dial tcp [::1]:3306: connect: connection refused"
time="2026-07-03 20:00:43.740" level=INFO source=go-alpha/main.go msg="Starting server"
time="2026-07-03 20:00:43.742" level=ERROR source=models/db.go msg="Failed to connect MySQL" error="dial tcp [::1]:3306: connect: connection refused"
time="2026-07-03 20:01:33.845" level=INFO source=go-alpha/main.go msg="Starting server"
time="2026-07-03 20:01:33.846" level=ERROR source=models/db.go msg="Failed to connect MySQL" error="dial tcp [::1]:3306: connect: connection refused"
time="2026-07-03 20:01:47.588" level=INFO source=go-alpha/main.go msg="Starting server"
time="2026-07-03 20:01:47.592" level=ERROR source=models/db.go msg="Failed to connect MySQL" error="Error 1045 (28000): Access denied for user 'root'@'localhost' (using password: YES)"
time="2026-07-03 20:01:57.076" level=INFO source=go-alpha/main.go msg="Starting server"
time="2026-07-03 20:01:57.078" level=ERROR source=models/db.go msg="Failed to connect MySQL" error="dial tcp [::1]:3306: connect: connection refused"
time="2026-07-03 20:02:29.742" level=INFO source=go-alpha/main.go msg="Starting server"
time="2026-07-03 20:02:29.742" level=ERROR source=models/db.go msg="Failed to connect MySQL" error="dial tcp 127.0.0.1:3306: connect: connection refused"
time="2026-07-03 20:02:51.106" level=INFO source=go-alpha/main.go msg="Starting server"
time="2026-07-03 20:02:51.109" level=INFO source=models/db.go msg="MySQL connected successfully"
time="2026-07-03 20:02:51.220" level=ERROR source=models/db.go msg="Failed to connect Redis" error="dial tcp 127.0.0.1:6379: connect: connection refused"
time="2026-07-03 20:03:16.883" level=INFO source=go-alpha/main.go msg="Starting server"
time="2026-07-03 20:03:16.883" level=ERROR source=models/db.go msg="Failed to connect MySQL" error="dial tcp 127.0.0.1:3306: connect: connection refused"
time="2026-07-03 20:03:35.801" level=INFO source=go-alpha/main.go msg="Starting server"
time="2026-07-03 20:03:35.804" level=INFO source=models/db.go msg="MySQL connected successfully"
time="2026-07-03 20:03:35.924" level=ERROR source=models/db.go msg="Failed to connect Redis" error="dial tcp 127.0.0.1:6379: connect: connection refused"
time="2026-07-03 20:04:05.244" level=INFO source=go-alpha/main.go msg="Starting server"
time="2026-07-03 20:04:05.244" level=ERROR source=models/db.go msg="Failed to connect MySQL" error="dial tcp 127.0.0.1:3306: connect: connection refused"
